Wed Dec  1 08:58:13 EST 2021
$PROBLEM PK model 1 cmt base

$INPUT ID TIME MDV EVID DV AMT  SEX WT ETN
$DATA ../../../../extdata/acop.csv IGNORE=@
$SUBROUTINES ADVAN2 TRANS2

$PK
ET=1
IF(ETN.EQ.3) ET=1.3
KA = THETA(1)
CL = THETA(2)*((WT/70)**0.75)* EXP(ETA(1))
V = THETA(3)*EXP(ETA(2))
SC=V


$THETA
(0, 2)  ; KA
(0, 3)  ; CL
(0, 10) ; V2
(0.02)  ; RUVp
(1)     ; RUVa

$OMEGA
0.05    ; iiv CL
0.2     ; iiv V2

$SIGMA
1 FIX

$ERROR
IPRED = F
IRES = DV-IPRED
W = IPRED*THETA(4) + THETA(5)
IF (W.EQ.0) W = 1
IWRES = IRES/W
Y= IPRED+W*ERR(1)

$SIM ONLYSIM (393) SUBPROBLEMS=2

NM-TRAN MESSAGES
  
 WARNINGS AND ERRORS (IF ANY) FOR PROBLEM    1
             
 (WARNING  2) NM-TRAN INFERS THAT THE DATA ARE POPULATION.

License Registered to: Metrum Research Group (with RADAR5NM)
Expiration Date:    14 JUL 2022
Current Date:        1 DEC 2021
Days until program expires : 228
1NONLINEAR MIXED EFFECTS MODEL PROGRAM (NONMEM) VERSION 7.4.4
 ORIGINALLY DEVELOPED BY STUART BEAL, LEWIS SHEINER, AND ALISON BOECKMANN
 CURRENT DEVELOPERS ARE ROBERT BAUER, ICON DEVELOPMENT SOLUTIONS,
 AND ALISON BOECKMANN. IMPLEMENTATION, EFFICIENCY, AND STANDARDIZATION
 PERFORMED BY NOUS INFOSYSTEMS.

 PROBLEM NO.:         1
 PK model 1 cmt base
0DATA CHECKOUT RUN:              NO
 DATA SET LOCATED ON UNIT NO.:    2
 THIS UNIT TO BE REWOUND:        NO
 NO. OF DATA RECS IN DATA SET:      799
 NO. OF DATA ITEMS IN DATA SET:   9
 ID DATA ITEM IS DATA ITEM NO.:   1
 DEP VARIABLE IS DATA ITEM NO.:   5
 MDV DATA ITEM IS DATA ITEM NO.:  3
0INDICES PASSED TO SUBROUTINE PRED:
   4   2   6   0   0   0   0   0   0   0   0
0LABELS FOR DATA ITEMS:
 ID TIME MDV EVID DV AMT SEX WT ETN
0FORMAT FOR DATA:
 (E3.0,E5.0,2E2.0,E21.0,E6.0,E2.0,E5.0,E2.0)

 TOT. NO. OF OBS RECS:      760
 TOT. NO. OF INDIVIDUALS:       40
0LENGTH OF THETA:   5
0DEFAULT THETA BOUNDARY TEST OMITTED:    NO
0OMEGA HAS SIMPLE DIAGONAL FORM WITH DIMENSION:   2
0DEFAULT OMEGA BOUNDARY TEST OMITTED:    NO
0SIGMA HAS SIMPLE DIAGONAL FORM WITH DIMENSION:   1
0DEFAULT SIGMA BOUNDARY TEST OMITTED:    NO
0INITIAL ESTIMATE OF THETA:
 LOWER BOUND    INITIAL EST    UPPER BOUND
  0.0000E+00     0.2000E+01     0.1000E+07
  0.0000E+00     0.3000E+01     0.1000E+07
  0.0000E+00     0.1000E+02     0.1000E+07
 -0.1000E+07     0.2000E-01     0.1000E+07
 -0.1000E+07     0.1000E+01     0.1000E+07
0INITIAL ESTIMATE OF OMEGA:
 0.5000E-01
 0.0000E+00   0.2000E+00
0INITIAL ESTIMATE OF SIGMA:
 0.1000E+01
0SIGMA CONSTRAINED TO BE THIS INITIAL ESTIMATE
0SIMULATION STEP OMITTED:    NO
 OBJ FUNC EVALUATED:         NO
 ORIGINAL DATA USED ON EACH NEW SIMULATION:         NO
 SEEDS RESET ON EACH NEW SUPERSET ITERATION:        YES
0SIMULATION RANDOM METHOD SELECTED (RANMETHOD): 4U
SEED   1 RESET TO INITIAL: YES
 SOURCE   1:
   SEED1:           393   SEED2:             0   PSEUDO-NORMAL
 NUMBER OF SUBPROBLEMS:    2
1DOUBLE PRECISION PREDPP VERSION 7.4.4

 ONE COMPARTMENT MODEL WITH FIRST-ORDER ABSORPTION (ADVAN2)
0MAXIMUM NO. OF BASIC PK PARAMETERS:   3
0BASIC PK PARAMETERS (AFTER TRANSLATION):
   ELIMINATION RATE (K) IS BASIC PK PARAMETER NO.:  1
   ABSORPTION RATE (KA) IS BASIC PK PARAMETER NO.:  3

 TRANSLATOR WILL CONVERT PARAMETERS
 CLEARANCE (CL) AND VOLUME (V) TO K (TRANS2)
0COMPARTMENT ATTRIBUTES
 COMPT. NO.   FUNCTION   INITIAL    ON/OFF      DOSE      DEFAULT    DEFAULT
                         STATUS     ALLOWED    ALLOWED    FOR DOSE   FOR OBS.
    1         DEPOT        OFF        YES        YES        YES        NO
    2         CENTRAL      ON         NO         YES        NO         YES
    3         OUTPUT       OFF        YES        NO         NO         NO
1
 ADDITIONAL PK PARAMETERS - ASSIGNMENT OF ROWS IN GG
 COMPT. NO.                             INDICES
              SCALE      BIOAVAIL.   ZERO-ORDER  ZERO-ORDER  ABSORB
                         FRACTION    RATE        DURATION    LAG
    1            *           *           *           *           *
    2            4           *           *           *           *
    3            *           -           -           -           -
             - PARAMETER IS NOT ALLOWED FOR THIS MODEL
             * PARAMETER IS NOT SUPPLIED BY PK SUBROUTINE;
               WILL DEFAULT TO ONE IF APPLICABLE
0DATA ITEM INDICES USED BY PRED ARE:
   EVENT ID DATA ITEM IS DATA ITEM NO.:      4
   TIME DATA ITEM IS DATA ITEM NO.:          2
   DOSE AMOUNT DATA ITEM IS DATA ITEM NO.:   6

0PK SUBROUTINE CALLED WITH EVERY EVENT RECORD.
 PK SUBROUTINE NOT CALLED AT NONEVENT (ADDITIONAL OR LAGGED) DOSE TIMES.
0ERROR SUBROUTINE CALLED WITH EVERY EVENT RECORD.
1
 PROBLEM NO.:           1      SUBPROBLEM NO.:           1

 SIMULATION STEP PERFORMED
 SOURCE  1:
    SEED1:    1511077506   SEED2:   -1089002791
 Elapsed simulation  time in seconds:     0.00
 ESTIMATION STEP OMITTED:                 YES
 Elapsed finaloutput time in seconds:     0.00
  
1
 PROBLEM NO.:           1      SUBPROBLEM NO.:           2

 SIMULATION STEP PERFORMED
 SOURCE  1:
    SEED1:    1423761466   SEED2:             0
 Elapsed simulation  time in seconds:     0.00
 ESTIMATION STEP OMITTED:                 YES
 Elapsed finaloutput time in seconds:     0.00
 #CPUT: Total CPU Time in Seconds,        0.011
Stop Time:
Wed Dec  1 08:58:28 EST 2021
