Fri Aug 21 15:41:53 EDT 2020
$SIZES LPAR=40

$PROB Run# 1001.1

$INPUT C ID DV TIME AGE EVID DOSE PATIENT CMT AMT LOQ MDV FLG      BL STER REF CAT     DROP
$DATA ../tranNM_final.csv IGNORE=(C="C")

$SUBROUTINE ADVAN13 TRANS1 TOL=12

$PRIOR NWPRI NTHETA=6, NETA=4, NEPS=2, NTHP=6, NETP=4, NEPP=0

$MODEL
COMP = (SMWT, DEFOBS)

$PK
IF(PATIENT.EQ.0) KOUT = EXP(THETA(1) + ETA(1))
IF(PATIENT.EQ.1) KOUT = EXP(THETA(1) + ETA(2))

KIN1 = 0

IF(PATIENT.EQ.0) KCOV = 0
IF(PATIENT.EQ.1) KCOV = THETA(3)

IF(PATIENT.EQ.0) KIN2 = EXP(THETA(2))
IF(PATIENT.EQ.1) KINDMD = THETA(2) * KCOV
IF(PATIENT.EQ.1) KIN2 = EXP(KINDMD + ETA(3))

MTDIFF = 1
MTIME(1)= EXP(THETA(4))

KIN = KIN1*(1-MPAST(1)) + KIN2*(MPAST(1))

IF(PATIENT.EQ.0) SCALAR = 0                   ;healthy
IF(PATIENT.EQ.1) SCALAR = EXP(THETA(5) + ETA(4))    ;dmd

IF(PATIENT.EQ.0) EXPON = 0                            ;healthy
IF(PATIENT.EQ.1) EXPON = (EXP(THETA(6)) / (1 + EXP(THETA(6))))  ;dmd

A_0(1) = 0

$DES
IF(PATIENT.EQ.0) DIS = 0                                ;healthy

IF(T.EQ.0.AND.PATIENT.EQ.1) DIS = 0                       ;dmd
IF(T.GT.0.AND.PATIENT.EQ.1) DIS = SCALAR*EXP(T*(EXPON))   ;dmd

DADT(1) = KIN-(KOUT*A(1)*(1+DIS))

$ERROR
IF(PATIENT.EQ.0) Y = F + ERR(1) ;healthy
IF(PATIENT.EQ.1) Y = F + ERR(2) ;dmd

SMWT = A(1)
IPRED = F

$THETA
-0.574219127214817 ;[1/year] KOUT LOGD
5.67154052944669 ;[meters/year] KIN LOGD
1.03568637508119 ;[na] KCOV LOGD
0.241769673098703 ;[years] MTIME LOGD
-11.3632385211334 ;[na] Scalar LOGD
5.11272713931817 ;[na] EXPON LOGD


$OMEGA
0.09          ;[P] KOUThealthy


$OMEGA BLOCK (3)
    0.09          ;[P] KOUTdmd
    0.01          ;[P] cov21
    0.09          ;[P] KINdmd
    0.01          ;[P] cov31
    0.01          ;[P] cov32
    0.09          ;[P] SCALAR


$SIGMA
0.04           ;[A] healthy
0.04           ;[A] dmd


$THETAP ;prior mode for thetas
  -0.676 FIX
  5.8 FIX
  0.921 FIX
  0.390 FIX
  -11.4 FIX
  5 FIX


$THETAPV BLOCK(6) ;var-cov for prior on thetas --> uncertainty for thetas     *uncertainty
  10 FIX
  0  10
  0  0  10
  0  0  0  0.0625
  0  0  0  0  10
  0  0  0  0  0  2


$OMEGAP
  0.09 FIX


$OMEGAP BLOCK(3)
  0.09 FIX
  0.01 0.09
  0.01 0.01 0.09



$OMEGAPD (1 FIX)(3 FIX); df for each $omega block


$EST METHOD=BAYES LAPLACIAN NUMERICAL MUM=NNNNNN
NBURN = 5000 NITER = 10000 SEED = 1111
PRINT = 1 NOABORT FILE = 1001.1.TXT
$COV PRINT = E UNCONDITIONAL
$TABLE ID AGE PRED IPRED EVID ETAS(1:LAST) RES CWRES SMWT DIS KIN KOUT DIS NOPRINT ONEHEADER FILE=./1001.1.tab

NM-TRAN MESSAGES

 WARNINGS AND ERRORS (IF ANY) FOR PROBLEM    1

 (WARNING  2) NM-TRAN INFERS THAT THE DATA ARE POPULATION.

 (WARNING  3) THERE MAY BE AN ERROR IN THE ABBREVIATED CODE. THE FOLLOWING
 ONE OR MORE RANDOM VARIABLES ARE DEFINED WITH "IF" STATEMENTS THAT DO NOT
 PROVIDE DEFINITIONS FOR BOTH THE "THEN" AND "ELSE" CASES. IF ALL
 CONDITIONS FAIL, THE VALUES OF THESE VARIABLES WILL BE ZERO.

   KOUT Y


 (WARNING  90) WITH "NUMERICAL", "SLOW" IS ALSO REQUIRED ON $ESTIM RECORD.
 NM-TRAN HAS SUPPLIED THIS OPTION.

 (WARNING  121) INTERACTION IS IMPLIED WITH EM/BAYES ESTIMATION METHODS

 (WARNING  48) DES-DEFINED ITEMS ARE COMPUTED ONLY WHEN EVENT TIME
 INCREASES. E.G., DISPLAYED VALUES ASSOCIATED WITH THE FIRST EVENT RECORD
 OF AN INDIVIDUAL RECORD ARE COMPUTED WITH (THE LAST ADVANCE TO) AN EVENT
 TIME OF THE PRIOR INDIVIDUAL RECORD.

License Registered to: Metrum
Expiration Date:    14 JUL 2021
Current Date:       21 AUG 2020
Days until program expires : 328
1NONLINEAR MIXED EFFECTS MODEL PROGRAM (NONMEM) VERSION 7.4.4
 ORIGINALLY DEVELOPED BY STUART BEAL, LEWIS SHEINER, AND ALISON BOECKMANN
 CURRENT DEVELOPERS ARE ROBERT BAUER, ICON DEVELOPMENT SOLUTIONS,
 AND ALISON BOECKMANN. IMPLEMENTATION, EFFICIENCY, AND STANDARDIZATION
 PERFORMED BY NOUS INFOSYSTEMS.

 PROBLEM NO.:         1
 Run# 1001.1
0DATA CHECKOUT RUN:              NO
 DATA SET LOCATED ON UNIT NO.:    2
 THIS UNIT TO BE REWOUND:        NO
 NO. OF DATA RECS IN DATA SET:      921
 NO. OF DATA ITEMS IN DATA SET:  17
 ID DATA ITEM IS DATA ITEM NO.:   2
 DEP VARIABLE IS DATA ITEM NO.:   3
 MDV DATA ITEM IS DATA ITEM NO.: 12
0INDICES PASSED TO SUBROUTINE PRED:
   6   4  10   0   0   0   9   0   0   0   0
0LABELS FOR DATA ITEMS:
 C ID DV TIME AGE EVID DOSE PATIENT CMT AMT LOQ MDV FLG BL STER REF CAT
0(NONBLANK) LABELS FOR PRED-DEFINED ITEMS:
 KOUT KIN DIS SMWT IPRED
0FORMAT FOR DATA:
 (E2.0,E5.0,E8.0,2E7.0,8E2.0,E8.0,3E2.0)

 TOT. NO. OF OBS RECS:      599
 TOT. NO. OF INDIVIDUALS:      240
0LENGTH OF THETA:  14
0DEFAULT THETA BOUNDARY TEST OMITTED:    NO
0OMEGA HAS BLOCK FORM:
  1
  0  2
  0  2  2
  0  2  2  2
  0  0  0  0  3
  0  0  0  0  3  3
  0  0  0  0  3  3  3
  0  0  0  0  3  3  3  3
  0  0  0  0  3  3  3  3  3
  0  0  0  0  3  3  3  3  3  3
  0  0  0  0  0  0  0  0  0  0  4
  0  0  0  0  0  0  0  0  0  0  0  5
  0  0  0  0  0  0  0  0  0  0  0  5  5
  0  0  0  0  0  0  0  0  0  0  0  5  5  5
0DEFAULT OMEGA BOUNDARY TEST OMITTED:    NO
0SIGMA HAS SIMPLE DIAGONAL FORM WITH DIMENSION:   2
0DEFAULT SIGMA BOUNDARY TEST OMITTED:    NO
0INITIAL ESTIMATE OF THETA:
 LOWER BOUND    INITIAL EST    UPPER BOUND
 -0.1000E+07    -0.5742E+00     0.1000E+07
 -0.1000E+07     0.5672E+01     0.1000E+07
 -0.1000E+07     0.1036E+01     0.1000E+07
 -0.1000E+07     0.2418E+00     0.1000E+07
 -0.1000E+07    -0.1136E+02     0.1000E+07
 -0.1000E+07     0.5113E+01     0.1000E+07
 -0.6760E+00    -0.6760E+00    -0.6760E+00
  0.5800E+01     0.5800E+01     0.5800E+01
  0.9210E+00     0.9210E+00     0.9210E+00
  0.3900E+00     0.3900E+00     0.3900E+00
 -0.1140E+02    -0.1140E+02    -0.1140E+02
  0.5000E+01     0.5000E+01     0.5000E+01
  0.1000E+01     0.1000E+01     0.1000E+01
  0.3000E+01     0.3000E+01     0.3000E+01
0INITIAL ESTIMATE OF OMEGA:
 BLOCK SET NO.   BLOCK                                                                    FIXED
        1                                                                                   NO
                  0.9000E-01
        2                                                                                   NO
                  0.9000E-01
                  0.1000E-01   0.9000E-01
                  0.1000E-01   0.1000E-01   0.9000E-01
        3                                                                                  YES
                  0.1000E+02
                  0.0000E+00   0.1000E+02
                  0.0000E+00   0.0000E+00   0.1000E+02
                  0.0000E+00   0.0000E+00   0.0000E+00   0.6250E-01
                  0.0000E+00   0.0000E+00   0.0000E+00   0.0000E+00   0.1000E+02
                  0.0000E+00   0.0000E+00   0.0000E+00   0.0000E+00   0.0000E+00   0.2000E+01
        4                                                                                  YES
                  0.9000E-01
        5                                                                                  YES
                  0.9000E-01
                  0.1000E-01   0.9000E-01
                  0.1000E-01   0.1000E-01   0.9000E-01
0INITIAL ESTIMATE OF SIGMA:
 0.4000E-01
 0.0000E+00   0.4000E-01
0COVARIANCE STEP OMITTED:        NO
 EIGENVLS. PRINTED:             YES
 SPECIAL COMPUTATION:            NO
 COMPRESSED FORMAT:              NO
 GRADIENT METHOD USED:       SLOW
 SIGDIGITS ETAHAT (SIGLO):                  -1
 SIGDIGITS GRADIENTS (SIGL):                -1
 EXCLUDE COV FOR FOCE (NOFCOV):              NO
 TURN OFF Cholesky Transposition of R Matrix (CHOLROFF): NO
 KNUTHSUMOFF:                                -1
 RESUME COV ANALYSIS (RESUME):               NO
 SIR SAMPLE SIZE (SIRSAMPLE):              -1
 NON-LINEARLY TRANSFORM THETAS DURING COV (THBND): 1
 PRECONDTIONING CYCLES (PRECOND):        0
 PRECONDTIONING TYPES (PRECONDS):        TOS
 FORCED PRECONDTIONING CYCLES (PFCOND):0
 PRECONDTIONING TYPE (PRETYPE):        0
 FORCED POS. DEFINITE SETTING: (FPOSDEF):0
0TABLES STEP OMITTED:    NO
 NO. OF TABLES:           1
 SEED NUMBER (SEED):    11456
 RANMETHOD:             3U
 MC SAMPLES (ESAMPLE):    300
 WRES SQUARE ROOT TYPE (WRESCHOL): EIGENVALUE
0-- TABLE   1 --
0RECORDS ONLY:    ALL
04 COLUMNS APPENDED:    YES
 PRINTED:                NO
 HEADERS:               ONE
 FILE TO BE FORWARDED:   NO
 FORMAT:                S1PE11.4
 LFORMAT:
 RFORMAT:
 FIXED_EFFECT_ETAS:
0USER-CHOSEN ITEMS:
 ID AGE IPRED EVID ETA1 CWRES CIWRES CIPRED CIRES SMWT DIS KIN KOUT DIS
0
 PRIOR SUBROUTINE USER-SUPPLIED
1DOUBLE PRECISION PREDPP VERSION 7.4.4

 GENERAL NONLINEAR KINETICS MODEL WITH STIFF/NONSTIFF EQUATIONS (LSODA, ADVAN13)
0MODEL SUBROUTINE USER-SUPPLIED - ID NO. 9999
0MAXIMUM NO. OF BASIC PK PARAMETERS:   4
0COMPARTMENT ATTRIBUTES
 COMPT. NO.   FUNCTION   INITIAL    ON/OFF      DOSE      DEFAULT    DEFAULT
                         STATUS     ALLOWED    ALLOWED    FOR DOSE   FOR OBS.
    1         SMWT         ON         YES        YES        YES        YES
    2         OUTPUT       OFF        YES        NO         NO         NO
 INITIAL (BASE) TOLERANCE SETTINGS:
 NRD (RELATIVE) VALUE(S) OF TOLERANCE:  12
 ANRD (ABSOLUTE) VALUE(S) OF TOLERANCE:  12
1
 ADDITIONAL PK PARAMETERS - ASSIGNMENT OF ROWS IN GG
 COMPT. NO.                             INDICES
              SCALE      BIOAVAIL.   ZERO-ORDER  ZERO-ORDER  ABSORB
                         FRACTION    RATE        DURATION    LAG
    1            *           *           *           *           *
    2            *           -           -           -           -
             - PARAMETER IS NOT ALLOWED FOR THIS MODEL
             * PARAMETER IS NOT SUPPLIED BY PK SUBROUTINE;
               WILL DEFAULT TO ONE IF APPLICABLE
0FIRST MODEL TIME PARAMETER ASSIGNED TO ROW NO.:  5
 LAST  MODEL TIME PARAMETER ASSIGNED TO ROW NO.:  5
0DATA ITEM INDICES USED BY PRED ARE:
   EVENT ID DATA ITEM IS DATA ITEM NO.:      6
   TIME DATA ITEM IS DATA ITEM NO.:          4
   DOSE AMOUNT DATA ITEM IS DATA ITEM NO.:  10
   COMPT. NO. DATA ITEM IS DATA ITEM NO.:    9

0PK SUBROUTINE CALLED WITH EVERY EVENT RECORD.
 PK SUBROUTINE CALLED AT NONEVENT (ADDITIONAL AND LAGGED) DOSE TIMES AND AT MODEL TIMES.

0PK SUBROUTINE INDICATES THAT COMPARTMENT AMOUNTS ARE INITIALIZED.
0ERROR SUBROUTINE CALLED WITH EVERY EVENT RECORD.
0DES SUBROUTINE USES COMPACT STORAGE MODE.

 #PARA: PARAFILE=1001.pnm, PROTOCOL=MPI, NODES= 8

1


 #TBLN:      1
 #METH: MCMC Bayesian Analysis

 ESTIMATION STEP OMITTED:                 NO
 ANALYSIS TYPE:                           POPULATION
 NUMBER OF SADDLE POINT RESET ITERATIONS:      0
 GRADIENT METHOD USED:               SLOW
 CONDITIONAL ESTIMATES USED:              YES
 CENTERED ETA:                            NO
 EPS-ETA INTERACTION:                     YES
 LAPLACIAN OBJ. FUNC.:                    NO
 NO. OF FUNCT. EVALS. ALLOWED:            4224
 NO. OF SIG. FIGURES REQUIRED:            3
 INTERMEDIATE PRINTOUT:                   YES
 ESTIMATE OUTPUT TO MSF:                  NO
 ABORT WITH PRED EXIT CODE 1:             NO
 IND. OBJ. FUNC. VALUES SORTED:           NO
 NUMERICAL DERIVATIVE
       FILE REQUEST (NUMDER):               NONE
 MAP (ETAHAT) ESTIMATION METHOD (OPTMAP):   0
 ETA HESSIAN EVALUATION METHOD (ETADER):    0
 INITIAL ETA FOR MAP ESTIMATION (MCETA):    0
 SIGDIGITS FOR MAP ESTIMATION (SIGLO):      100
 GRADIENT SIGDIGITS OF
       FIXED EFFECTS PARAMETERS (SIGL):     100
 NOPRIOR SETTING (NOPRIOR):                 OFF
 NOCOV SETTING (NOCOV):                     OFF
 DERCONT SETTING (DERCONT):                 OFF
 FINAL ETA RE-EVALUATION (FNLETA):          ON
 EXCLUDE NON-INFLUENTIAL (NON-INFL.) ETAS
       IN SHRINKAGE (ETASTYPE):             NO
 NON-INFL. ETA CORRECTION (NONINFETA):      OFF
 RAW OUTPUT FILE (FILE): 1001.1.TXT
 EXCLUDE TITLE (NOTITLE):                   NO
 EXCLUDE COLUMN LABELS (NOLABEL):           NO
 FORMAT FOR ADDITIONAL FILES (FORMAT):      S1PE12.5
 PARAMETER ORDER FOR OUTPUTS (ORDER):       TSOL
 WISHART PRIOR DF INTERPRETATION (WISHTYPE):0
 KNUTHSUMOFF:                               0
 INCLUDE LNTWOPI:                           NO
 INCLUDE CONSTANT TERM TO PRIOR (PRIORC):   NO
 INCLUDE CONSTANT TERM TO OMEGA (ETA) (OLNTWOPI):NO
 EM OR BAYESIAN METHOD USED:                MCMC BAYESIAN (BAYES)
 MU MODELING PATTERN (MUM):                 NNNNNN
 GRADIENT/GIBBS PATTERN (GRD):
 AUTOMATIC SETTING FEATURE (AUTO):          OFF
 CONVERGENCE TYPE (CTYPE):                  0
 KEEP ITERATIONS (THIN):            1
 BURN-IN ITERATIONS (NBURN):                5000
 ITERATIONS (NITER):                        10000
 ANEAL SETTING (CONSTRAIN):                 1
 STARTING SEED FOR MC METHODS (SEED):       1111
 MC SAMPLES PER SUBJECT (ISAMPLE):          1
 RANDOM SAMPLING METHOD (RANMETHOD):        3U
 PROPOSAL DENSITY SCALING RANGE
              (ISCALE_MIN, ISCALE_MAX):     1.000000000000000E-06   ,1000000.00000000
 SAMPLE ACCEPTANCE RATE (IACCEPT):          0.400000000000000
 METROPOLIS HASTINGS SAMPLING FOR INDIVIDUAL ETAS:
 SAMPLES FOR GLOBAL SEARCH KERNEL (ISAMPLE_M1):          2
 SAMPLES FOR NEIGHBOR SEARCH KERNEL (ISAMPLE_M1A):       0
 SAMPLES FOR MASS/IMP/POST. MATRIX SEARCH (ISAMPLE_M1B): 2
 SAMPLES FOR LOCAL SEARCH KERNEL (ISAMPLE_M2):           2
 SAMPLES FOR LOCAL UNIVARIATE KERNEL (ISAMPLE_M3):       2
 PWR. WT. MASS/IMP/POST MATRIX ACCUM. FOR ETAS (IKAPPA): 1.00000000000000
 MASS/IMP./POST. MATRIX REFRESH SETTING (MASSREST):      -1
 METROPOLIS HASTINGS POPULATION SAMPLING FOR NON-GIBBS
 SAMPLED THETAS AND SIGMAS:
 PROPOSAL DENSITY SCALING RANGE
              (PSCALE_MIN, PSCALE_MAX):   1.000000000000000E-02   ,1000.00000000000
 SAMPLE ACCEPTANCE RATE (PACCEPT):                       0.500000000000000
 SAMPLES FOR GLOBAL SEARCH KERNEL (PSAMPLE_M1):          1
 SAMPLES FOR LOCAL SEARCH KERNEL (PSAMPLE_M2):           6
 SAMPLES FOR LOCAL UNIVARIATE KERNEL (PSAMPLE_M3):       1
 METROPOLIS HASTINGS POPULATION SAMPLING FOR NON-GIBBS
 SAMPLED OMEGAS:
 SAMPLE ACCEPTANCE RATE (OACCEPT):                       0.500000000000000
 SAMPLES FOR GLOBAL SEARCH KERNEL (OSAMPLE_M1):          -1
 SAMPLES FOR LOCAL SEARCH KERNEL (OSAMPLE_M2):           7
 SAMPLES FOR LOCAL UNIVARIATE SEARCH KERNEL (OSAMPLE_M3):7
 DEG. FR. FOR T DIST.  PRIOR FOR THETAS (TTDF):        0.00000000000000
 DEG. FR. FOR LKJ CORRELATION PRIOR FOR OMEGAS (OLKJDF): 0.00000000000000
 WEIGHT FACTOR FOR STD PRIOR FOR OMEGAS (OVARF): 1.00000000000000
 DEG. FR. FOR LKJ CORRELATION PRIOR FOR SIGMAS (SLKJDF): 0.00000000000000
 WEIGHT FACTOR FOR STD PRIOR FOR SIGMAS (SVARF): 1.00000000000000

 TOLERANCES FOR ESTIMATION/EVALUATION STEP:
 NRD (RELATIVE) VALUE(S) OF TOLERANCE:  12
 ANRD (ABSOLUTE) VALUE(S) OF TOLERANCE:  12
 TOLERANCES FOR COVARIANCE STEP:
 NRD (RELATIVE) VALUE(S) OF TOLERANCE:  12
 ANRD (ABSOLUTE) VALUE(S) OF TOLERANCE:  12
 TOLERANCES FOR TABLE/SCATTER STEP:
 NRD (RELATIVE) VALUE(S) OF TOLERANCE:  12
 ANRD (ABSOLUTE) VALUE(S) OF TOLERANCE:  12

 THE FOLLOWING LABELS ARE EQUIVALENT
 PRED=PREDI
 RES=RESI
 WRES=WRESI
 IWRS=IWRESI
 IPRD=IPREDI
 IRS=IRESI

 EM/BAYES SETUP:
 THETAS THAT ARE MU MODELED:

 THETAS THAT ARE GIBBS SAMPLED:

 THETAS THAT ARE METROPOLIS-HASTINGS SAMPLED:
   1   2   3   4   5   6
 SIGMAS THAT ARE GIBBS SAMPLED:
   1   2
 SIGMAS THAT ARE METROPOLIS-HASTINGS SAMPLED:

 OMEGAS ARE GIBBS SAMPLED

 MONITORING OF SEARCH:

 Burn-in Mode
 iteration        -5000 MCMCOBJ=    112801321.20184627
 iteration        -4999 MCMCOBJ=    68920.241266716926
 iteration        -4998 MCMCOBJ=    4884.6018229985657
 iteration        -4997 MCMCOBJ=    4954.8112313115817
 iteration        -4996 MCMCOBJ=    4932.8299680474529
 iteration        -4995 MCMCOBJ=    5022.0599419023929
 iteration        -4994 MCMCOBJ=    5087.2487676800865
 iteration        -4993 MCMCOBJ=    5040.9348602323471
 iteration        -4992 MCMCOBJ=    5133.9053601609394
 iteration        -4991 MCMCOBJ=    5142.2574943820155
 iteration        -4990 MCMCOBJ=    5073.9439910982464
 iteration        -4989 MCMCOBJ=    4886.8448011396667
 iteration        -4988 MCMCOBJ=    4858.7455378797931
 iteration        -4987 MCMCOBJ=    4868.6678643444338
 iteration        -4986 MCMCOBJ=    4873.1838770725326
 iteration        -4985 MCMCOBJ=    4935.3924587562515
 iteration        -4984 MCMCOBJ=    4756.0592431708801
 iteration        -4983 MCMCOBJ=    4666.7488027785212
 iteration        -4982 MCMCOBJ=    4629.6912703361841
 iteration        -4981 MCMCOBJ=    4633.1804544681645
 iteration        -4980 MCMCOBJ=    4513.6085719132288
 iteration        -4979 MCMCOBJ=    4479.8180771120224
 iteration        -4978 MCMCOBJ=    4429.4354759234948
 iteration        -4977 MCMCOBJ=    4468.8211775071923
 iteration        -4976 MCMCOBJ=    4506.3928228972891
 iteration        -4975 MCMCOBJ=    4503.3621696271703
 iteration        -4974 MCMCOBJ=    4539.6149586634274
 iteration        -4973 MCMCOBJ=    4481.1005878607257
 iteration        -4972 MCMCOBJ=    4599.0815384090929
 iteration        -4971 MCMCOBJ=    4618.1677804977580
 iteration        -4970 MCMCOBJ=    4634.7202282846720
 iteration        -4969 MCMCOBJ=    4679.9806069066390
 iteration        -4968 MCMCOBJ=    4665.9846266771092
 iteration        -4967 MCMCOBJ=    4702.4018029503850
 iteration        -4966 MCMCOBJ=    4581.5630445925235
 iteration        -4965 MCMCOBJ=    4628.4628710064480
 iteration        -4964 MCMCOBJ=    4579.8164659242702
 iteration        -4963 MCMCOBJ=    4709.3064207338430
 iteration        -4962 MCMCOBJ=    4733.5286411204497
 iteration        -4961 MCMCOBJ=    4756.4252217018720
 iteration        -4960 MCMCOBJ=    4728.6513887608644
 iteration        -4959 MCMCOBJ=    4660.2099597447987
 iteration        -4958 MCMCOBJ=    4600.0853896983253
 iteration        -4957 MCMCOBJ=    4601.4630118941832
 iteration        -4956 MCMCOBJ=    4649.5930137909118
 iteration        -4955 MCMCOBJ=    4699.2826514038743
 iteration        -4954 MCMCOBJ=    4694.2374167527560
 iteration        -4953 MCMCOBJ=    4575.6093526533368
 iteration        -4952 MCMCOBJ=    4656.2237195909338
 iteration        -4951 MCMCOBJ=    4691.7768601039088
 iteration          -50 MCMCOBJ=    3777.8245143216509
 iteration          -49 MCMCOBJ=    3792.3987500896492
 iteration          -48 MCMCOBJ=    3666.7780453985738
 iteration          -47 MCMCOBJ=    3684.9373712856222
 iteration          -46 MCMCOBJ=    3683.2938695242824
 iteration          -45 MCMCOBJ=    3726.5517879714580
 iteration          -44 MCMCOBJ=    3720.9134766330058
 iteration          -43 MCMCOBJ=    3726.7459179256798
 iteration          -42 MCMCOBJ=    3781.3459479838370
 iteration          -41 MCMCOBJ=    3848.4900455405200
 iteration          -40 MCMCOBJ=    3808.9993067129740
 iteration          -39 MCMCOBJ=    3842.0067301304643
 iteration          -38 MCMCOBJ=    3778.2939476825882
 iteration          -37 MCMCOBJ=    3782.7869250859012
 iteration          -36 MCMCOBJ=    3877.7669326921991
 iteration          -35 MCMCOBJ=    3889.3789908134868
 iteration          -34 MCMCOBJ=    3826.6884991527304
 iteration          -33 MCMCOBJ=    3874.6895998217606
 iteration          -32 MCMCOBJ=    4059.7649523643895
 iteration          -31 MCMCOBJ=    4035.5818579485203
 iteration          -30 MCMCOBJ=    3930.5262189000732
 iteration          -29 MCMCOBJ=    3916.4709550838143
 iteration          -28 MCMCOBJ=    3918.3582404033232
 iteration          -27 MCMCOBJ=    3923.2763870109152
 iteration          -26 MCMCOBJ=    3896.9989841218353
 iteration          -25 MCMCOBJ=    3945.1869529691535
 iteration          -24 MCMCOBJ=    3896.3903143925399
 iteration          -23 MCMCOBJ=    3910.7117886723372
 iteration          -22 MCMCOBJ=    3922.3676501005361
 iteration          -21 MCMCOBJ=    3934.2807831189025
 iteration          -20 MCMCOBJ=    3946.6650342858934
 iteration          -19 MCMCOBJ=    4002.7300113894830
 iteration          -18 MCMCOBJ=    3958.5178058816391
 iteration          -17 MCMCOBJ=    3951.6427237755561
 iteration          -16 MCMCOBJ=    3935.1129677063104
 iteration          -15 MCMCOBJ=    3886.3980106545810
 iteration          -14 MCMCOBJ=    3794.4953656637990
 iteration          -13 MCMCOBJ=    3739.4285064582577
 iteration          -12 MCMCOBJ=    3694.0927071659826
 iteration          -11 MCMCOBJ=    3865.7953049069547
 iteration          -10 MCMCOBJ=    3826.7507742151633
 iteration           -9 MCMCOBJ=    3810.2602683474047
 iteration           -8 MCMCOBJ=    3868.7783829572427
 iteration           -7 MCMCOBJ=    3835.5825047302205
 iteration           -6 MCMCOBJ=    3876.4226169877793
 iteration           -5 MCMCOBJ=    3845.3768651933174
 iteration           -4 MCMCOBJ=    3805.4617565261383
 iteration           -3 MCMCOBJ=    3878.5803077118271
 iteration           -2 MCMCOBJ=    3842.4084066464293
 iteration           -1 MCMCOBJ=    3871.3602147661004
 Sampling Mode
 iteration            0 MCMCOBJ=    4015.9871393093040
 iteration            1 MCMCOBJ=    4010.6024601307276
 iteration            2 MCMCOBJ=    4022.2317291472882
 iteration            3 MCMCOBJ=    3907.0399265775595
 iteration            4 MCMCOBJ=    4005.4011997392322
 iteration            5 MCMCOBJ=    3945.9449001825187
 iteration            6 MCMCOBJ=    3853.0241729939867
 iteration            7 MCMCOBJ=    3872.4376901755327
 iteration            8 MCMCOBJ=    3840.5670470094892
 iteration            9 MCMCOBJ=    3881.2222667545411
 iteration           10 MCMCOBJ=    3790.0063957187213
 iteration           11 MCMCOBJ=    3817.3403393485855
 iteration           12 MCMCOBJ=    3810.5623725184546
 iteration           13 MCMCOBJ=    3830.6608519596321
 iteration           14 MCMCOBJ=    3817.5139186690353
 iteration           15 MCMCOBJ=    3837.0988346326262
 iteration           16 MCMCOBJ=    3813.7077610982283
 iteration           17 MCMCOBJ=    3870.9206908605506
 iteration           18 MCMCOBJ=    3832.6736490426792
 iteration           19 MCMCOBJ=    3829.7021960479824
 iteration           20 MCMCOBJ=    3881.6881574629069
 iteration           21 MCMCOBJ=    3893.9829538257477
 iteration           22 MCMCOBJ=    3926.1263905464825
 iteration           23 MCMCOBJ=    3846.4001668764195
 iteration           24 MCMCOBJ=    3853.2221831821762
 iteration           25 MCMCOBJ=    3854.2710437084061
 iteration           26 MCMCOBJ=    3807.9302374021299
 iteration           27 MCMCOBJ=    3829.8555167450386
 iteration           28 MCMCOBJ=    3959.7502769480570
 iteration           29 MCMCOBJ=    3958.5484739543595
 iteration           30 MCMCOBJ=    3964.5548812449924
 iteration           31 MCMCOBJ=    3982.8604447886601
 iteration           32 MCMCOBJ=    4031.8169179899323
 iteration           33 MCMCOBJ=    4041.1955829690655
 iteration           34 MCMCOBJ=    3866.4516571714139
 iteration           35 MCMCOBJ=    3808.0885381529042
 iteration           36 MCMCOBJ=    3808.3022165064631
 iteration           37 MCMCOBJ=    3877.5413940563599
 iteration           38 MCMCOBJ=    3846.0764750681196
 iteration           39 MCMCOBJ=    3899.0319171974429
 iteration           40 MCMCOBJ=    3954.7399249072737
 iteration           41 MCMCOBJ=    3951.6714418720621
 iteration           42 MCMCOBJ=    3871.1177798919716
 iteration           43 MCMCOBJ=    3829.2937836739807
 iteration           44 MCMCOBJ=    3922.5708320846638
 iteration           45 MCMCOBJ=    3863.2900081060707
 iteration           46 MCMCOBJ=    3789.7332242368461
 iteration           47 MCMCOBJ=    3776.8872272278736
 iteration           48 MCMCOBJ=    3865.4621678405174
 iteration           49 MCMCOBJ=    3927.3876729726926
 iteration           50 MCMCOBJ=    3916.0875070781867
 iteration         9951 MCMCOBJ=    3499.8277843010460
 iteration         9952 MCMCOBJ=    3463.2627927737240
 iteration         9953 MCMCOBJ=    3431.1477050037342
 iteration         9954 MCMCOBJ=    3492.1601540004940
 iteration         9955 MCMCOBJ=    3603.6523257876934
 iteration         9956 MCMCOBJ=    3550.3072976110520
 iteration         9957 MCMCOBJ=    3572.1135106395709
 iteration         9958 MCMCOBJ=    3580.6665750078118
 iteration         9959 MCMCOBJ=    3549.2061076311734
 iteration         9960 MCMCOBJ=    3509.1536293308245
 iteration         9961 MCMCOBJ=    3478.9557800828511
 iteration         9962 MCMCOBJ=    3501.0366800678935
 iteration         9963 MCMCOBJ=    3501.9922083610318
 iteration         9964 MCMCOBJ=    3587.3435594968932
 iteration         9965 MCMCOBJ=    3663.0454338522818
 iteration         9966 MCMCOBJ=    3660.1856635234712
 iteration         9967 MCMCOBJ=    3609.1420304011249
 iteration         9968 MCMCOBJ=    3544.3906342966043
 iteration         9969 MCMCOBJ=    3482.0333580749329
 iteration         9970 MCMCOBJ=    3528.0151536931571
 iteration         9971 MCMCOBJ=    3549.6195685046746
 iteration         9972 MCMCOBJ=    3523.1353334001778
 iteration         9973 MCMCOBJ=    3478.6537785999267
 iteration         9974 MCMCOBJ=    3547.8343026547991
 iteration         9975 MCMCOBJ=    3509.6063130948146
 iteration         9976 MCMCOBJ=    3509.1816289042922
 iteration         9977 MCMCOBJ=    3480.7568131095222
 iteration         9978 MCMCOBJ=    3501.4826786363669
 iteration         9979 MCMCOBJ=    3462.7764427865181
 iteration         9980 MCMCOBJ=    3469.6532579516656
 iteration         9981 MCMCOBJ=    3582.5487532475490
 iteration         9982 MCMCOBJ=    3591.2900891445820
 iteration         9983 MCMCOBJ=    3573.3409889519521
 iteration         9984 MCMCOBJ=    3506.3023482077165
 iteration         9985 MCMCOBJ=    3585.6460840715013
 iteration         9986 MCMCOBJ=    3553.7761661439717
 iteration         9987 MCMCOBJ=    3405.7089989900542
 iteration         9988 MCMCOBJ=    3470.7671836421391
 iteration         9989 MCMCOBJ=    3359.2233023471099
 iteration         9990 MCMCOBJ=    3430.8892436472920
 iteration         9991 MCMCOBJ=    3433.1384379384663
 iteration         9992 MCMCOBJ=    3491.6211724643808
 iteration         9993 MCMCOBJ=    3455.8744479815196
 iteration         9994 MCMCOBJ=    3488.6690250687470
 iteration         9995 MCMCOBJ=    3499.7422261908546
 iteration         9996 MCMCOBJ=    3531.6020580522718
 iteration         9997 MCMCOBJ=    3504.3234694490361
 iteration         9998 MCMCOBJ=    3526.4379847035111
 iteration         9999 MCMCOBJ=    3541.5425709727224
 iteration        10000 MCMCOBJ=    3452.8262387906152

 #TERM:
 BURN-IN WAS NOT TESTED FOR CONVERGENCE
 STATISTICAL PORTION WAS COMPLETED

 TOTAL DATA POINTS NORMALLY DISTRIBUTED (N):          599
 N*LOG(2PI) CONSTANT TO OBJECTIVE FUNCTION:    1100.8883627791979
 OBJECTIVE FUNCTION VALUE WITHOUT CONSTANT:    3842.5708721043416
 OBJECTIVE FUNCTION VALUE WITH CONSTANT:       4943.4592348835395
 REPORTED OBJECTIVE FUNCTION DOES NOT CONTAIN CONSTANT

 TOTAL EFFECTIVE ETAS (NIND*NETA):                           960
 NIND*NETA*LOG(2PI) CONSTANT TO OBJECTIVE FUNCTION:    1764.3619837529716
 OBJECTIVE FUNCTION VALUE WITHOUT CONSTANT:    3842.5708721043416
 OBJECTIVE FUNCTION VALUE WITH CONSTANT:       5606.9328558573134
 REPORTED OBJECTIVE FUNCTION DOES NOT CONTAIN CONSTANT

 PRIOR CONSTANT TO OBJECTIVE FUNCTION:    44.868349604386125
 OBJECTIVE FUNCTION VALUE WITHOUT CONSTANT:    3842.5708721043416
 OBJECTIVE FUNCTION VALUE WITH CONSTANT:       3887.4392217087275
 REPORTED OBJECTIVE FUNCTION DOES NOT CONTAIN CONSTANT

 #TERE:
 Elapsed estimation  time in seconds:  2898.17
 Elapsed covariance  time in seconds:     0.00
1




















 ************************************************************************************************************************
 ********************                                                                                ********************
 ********************                              MCMC BAYESIAN ANALYSIS                            ********************
 #OBJT:**************                       AVERAGE VALUE OF LIKELIHOOD FUNCTION                     ********************
 ********************                                                                                ********************
 ************************************************************************************************************************






 #OBJV:********************************************     3842.571       **************************************************
 #OBJS:********************************************      164.659 (STD) **************************************************
1
 ************************************************************************************************************************
 ********************                                                                                ********************
 ********************                              MCMC BAYESIAN ANALYSIS                            ********************
 ********************                             FINAL PARAMETER ESTIMATE                           ********************
 ********************                                                                                ********************
 ************************************************************************************************************************



 THETA - VECTOR OF FIXED EFFECTS PARAMETERS   *********


         TH 1      TH 2      TH 3      TH 4      TH 5      TH 6

        -7.82E-01  5.70E+00  9.27E-01  3.13E-01 -1.18E+01  5.47E+00



 OMEGA - COV MATRIX FOR RANDOM EFFECTS - ETAS  ********


         ETA1      ETA2      ETA3      ETA4

 ETA1
+        1.05E-02

 ETA2
+        0.00E+00  1.51E-01

 ETA3
+        0.00E+00  8.29E-02  6.69E-02

 ETA4
+        0.00E+00 -6.60E-01 -3.17E-01  7.47E+00



 SIGMA - COV MATRIX FOR RANDOM EFFECTS - EPSILONS  ****


         EPS1      EPS2

 EPS1
+        1.15E+03

 EPS2
+        0.00E+00  2.00E+03

1


 OMEGA - CORR MATRIX FOR RANDOM EFFECTS - ETAS  *******


         ETA1      ETA2      ETA3      ETA4

 ETA1
+        1.01E-01

 ETA2
+        0.00E+00  3.76E-01

 ETA3
+        0.00E+00  7.72E-01  2.48E-01

 ETA4
+        0.00E+00 -6.12E-01 -4.19E-01  2.72E+00



 SIGMA - CORR MATRIX FOR RANDOM EFFECTS - EPSILONS  ***


         EPS1      EPS2

 EPS1
+        3.36E+01

 EPS2
+        0.00E+00  4.47E+01

1
 ************************************************************************************************************************
 ********************                                                                                ********************
 ********************                              MCMC BAYESIAN ANALYSIS                            ********************
 ********************                STANDARD ERROR OF ESTIMATE (From Sample Variance)               ********************
 ********************                                                                                ********************
 ************************************************************************************************************************



 THETA - VECTOR OF FIXED EFFECTS PARAMETERS   *********


         TH 1      TH 2      TH 3      TH 4      TH 5      TH 6

         1.40E-01  1.27E-01  4.53E-03  2.24E-01  3.28E-01  1.14E+00



 OMEGA - COV MATRIX FOR RANDOM EFFECTS - ETAS  ********


         ETA1      ETA2      ETA3      ETA4

 ETA1
+        3.75E-03

 ETA2
+        0.00E+00  7.81E-02

 ETA3
+        0.00E+00  5.52E-02  3.97E-02

 ETA4
+        0.00E+00  3.39E-01  2.63E-01  1.39E+00



 SIGMA - COV MATRIX FOR RANDOM EFFECTS - EPSILONS  ****


         EPS1      EPS2

 EPS1
+        3.62E+02

 EPS2
+        0.00E+00  1.82E+02

1


 OMEGA - CORR MATRIX FOR RANDOM EFFECTS - ETAS  *******


         ETA1      ETA2      ETA3      ETA4

 ETA1
+        1.74E-02

 ETA2
+        0.00E+00  9.81E-02

 ETA3
+        0.00E+00  1.45E-01  7.19E-02

 ETA4
+        0.00E+00  2.06E-01  2.95E-01  2.50E-01



 SIGMA - CORR MATRIX FOR RANDOM EFFECTS - EPSILONS  ***


         EPS1      EPS2

 EPS1
+        5.06E+00

 EPS2
+        0.00E+00  2.02E+00

1
 ************************************************************************************************************************
 ********************                                                                                ********************
 ********************                              MCMC BAYESIAN ANALYSIS                            ********************
 ********************               COVARIANCE MATRIX OF ESTIMATE (From Sample Variance)             ********************
 ********************                                                                                ********************
 ************************************************************************************************************************


            TH 1      TH 2      TH 3      TH 4      TH 5      TH 6      OM11      OM12      OM13      OM14      OM22      OM23
             OM24      OM33      OM34      OM44      SG11      SG12      SG22

 TH 1
+        1.96E-02

 TH 2
+        1.75E-02  1.61E-02

 TH 3
+        1.63E-04  9.25E-05  2.05E-05

 TH 4
+        2.10E-02  1.99E-02  1.59E-04  5.02E-02

 TH 5
+       -2.59E-02 -2.28E-02  3.64E-05 -2.42E-02  1.08E-01

 TH 6
+       -9.89E-03 -9.05E-03 -4.21E-04 -4.54E-03 -9.24E-02  1.30E+00

 OM11
+       -3.04E-05 -1.99E-05 -8.48E-07 -6.74E-06  1.97E-05  1.43E-04  1.41E-05

 OM12
+       ......... ......... ......... ......... ......... ......... ......... .........

 OM13
+       ......... ......... ......... ......... ......... ......... ......... ......... .........

 OM14
+       ......... ......... ......... ......... ......... ......... ......... ......... ......... .........

 OM22
+        2.07E-03  1.85E-03  1.59E-04  2.92E-04 -2.52E-03 -6.38E-03  1.51E-06  0.00E+00  0.00E+00  0.00E+00  6.11E-03

 OM23
+        2.18E-03  1.93E-03  1.11E-04  7.26E-04 -2.48E-03 -4.89E-03 -1.00E-06  0.00E+00  0.00E+00  0.00E+00  4.19E-03  3.04E-03

 OM24
+       -1.10E-02 -9.91E-03 -5.14E-04 -5.96E-03  3.40E-02  6.76E-03 -1.39E-05  0.00E+00  0.00E+00  0.00E+00 -1.96E-02 -1.29E-02
          1.15E-01

 OM33
+        1.79E-03  1.59E-03  7.30E-05  7.55E-04 -2.04E-03 -3.38E-03 -1.32E-06  0.00E+00  0.00E+00  0.00E+00  2.79E-03  2.13E-03
         -8.13E-03  1.58E-03

 OM34
+       -1.27E-02 -1.12E-02 -3.93E-04 -6.81E-03  2.88E-02  8.85E-03  2.62E-06  0.00E+00  0.00E+00  0.00E+00 -1.45E-02 -1.02E-02
          8.53E-02 -6.78E-03  6.93E-02

 OM44
+        3.53E-02  3.28E-02  9.03E-04  3.33E-02 -2.11E-01  9.21E-02 -5.82E-06  0.00E+00  0.00E+00  0.00E+00  3.85E-02  2.40E-02
         -3.16E-01  1.45E-02 -2.06E-01  1.92E+00

 SG11
+        4.48E+00  3.94E+00  6.09E-02  2.56E-01 -3.98E+00 -7.06E+00  4.75E-03  0.00E+00  0.00E+00  0.00E+00  1.54E+00  1.43E+00
         -4.24E+00  1.16E+00 -4.83E+00  1.04E+01  1.31E+05

 SG12
+       ......... ......... ......... ......... ......... ......... ......... ......... ......... ......... ......... .........
         ......... ......... ......... ......... ......... .........

 SG22
+        3.70E+00  3.13E+00 -5.24E-02  2.05E+00 -6.60E+00 -8.51E+00 -4.89E-03  0.00E+00  0.00E+00  0.00E+00 -1.17E+00 -3.32E-01
          3.81E+00 -3.16E-02 -2.69E-01 -1.12E+01  3.03E+03  0.00E+00  3.30E+04

1
 ************************************************************************************************************************
 ********************                                                                                ********************
 ********************                              MCMC BAYESIAN ANALYSIS                            ********************
 ********************              CORRELATION MATRIX OF ESTIMATE (From Sample Variance)             ********************
 ********************                                                                                ********************
 ************************************************************************************************************************


            TH 1      TH 2      TH 3      TH 4      TH 5      TH 6      OM11      OM12      OM13      OM14      OM22      OM23
             OM24      OM33      OM34      OM44      SG11      SG12      SG22

 TH 1
+        1.40E-01

 TH 2
+        9.86E-01  1.27E-01

 TH 3
+        2.57E-01  1.61E-01  4.53E-03

 TH 4
+        6.70E-01  7.01E-01  1.57E-01  2.24E-01

 TH 5
+       -5.64E-01 -5.48E-01  2.45E-02 -3.29E-01  3.28E-01

 TH 6
+       -6.20E-02 -6.27E-02 -8.17E-02 -1.78E-02 -2.47E-01  1.14E+00

 OM11
+       -5.79E-02 -4.19E-02 -5.00E-02 -8.02E-03  1.60E-02  3.36E-02  3.75E-03

 OM12
+       ......... ......... ......... ......... ......... ......... ......... .........

 OM13
+       ......... ......... ......... ......... ......... ......... ......... ......... .........

 OM14
+       ......... ......... ......... ......... ......... ......... ......... ......... ......... .........

 OM22
+        1.90E-01  1.87E-01  4.49E-01  1.67E-02 -9.83E-02 -7.16E-02  5.17E-03  0.00E+00  0.00E+00  0.00E+00  7.81E-02

 OM23
+        2.82E-01  2.76E-01  4.45E-01  5.88E-02 -1.37E-01 -7.79E-02 -4.84E-03  0.00E+00  0.00E+00  0.00E+00  9.73E-01  5.52E-02

 OM24
+       -2.32E-01 -2.31E-01 -3.35E-01 -7.85E-02  3.05E-01  1.75E-02 -1.09E-02  0.00E+00  0.00E+00  0.00E+00 -7.39E-01 -6.88E-01
          3.39E-01

 OM33
+        3.23E-01  3.16E-01  4.06E-01  8.49E-02 -1.57E-01 -7.47E-02 -8.84E-03  0.00E+00  0.00E+00  0.00E+00  8.99E-01  9.72E-01
         -6.04E-01  3.97E-02

 OM34
+       -3.44E-01 -3.36E-01 -3.30E-01 -1.16E-01  3.33E-01  2.95E-02  2.66E-03  0.00E+00  0.00E+00  0.00E+00 -7.04E-01 -7.02E-01
          9.55E-01 -6.48E-01  2.63E-01

 OM44
+        1.82E-01  1.87E-01  1.44E-01  1.07E-01 -4.63E-01  5.83E-02 -1.12E-03  0.00E+00  0.00E+00  0.00E+00  3.55E-01  3.13E-01
         -6.73E-01  2.64E-01 -5.64E-01  1.39E+00

 SG11
+        8.85E-02  8.59E-02  3.72E-02  3.16E-03 -3.35E-02 -1.71E-02  3.51E-03  0.00E+00  0.00E+00  0.00E+00  5.44E-02  7.16E-02
         -3.46E-02  8.10E-02 -5.07E-02  2.08E-02  3.62E+02

 SG12
+       ......... ......... ......... ......... ......... ......... ......... ......... ......... ......... ......... .........
         ......... ......... ......... ......... ......... .........

 SG22
+        1.46E-01  1.36E-01 -6.37E-02  5.04E-02 -1.11E-01 -4.12E-02 -7.18E-03  0.00E+00  0.00E+00  0.00E+00 -8.27E-02 -3.32E-02
          6.18E-02 -4.38E-03 -5.62E-03 -4.45E-02  4.62E-02  0.00E+00  1.82E+02

1
 ************************************************************************************************************************
 ********************                                                                                ********************
 ********************                              MCMC BAYESIAN ANALYSIS                            ********************
 ********************           INVERSE COVARIANCE MATRIX OF ESTIMATE (From Sample Variance)         ********************
 ********************                                                                                ********************
 ************************************************************************************************************************


            TH 1      TH 2      TH 3      TH 4      TH 5      TH 6      OM11      OM12      OM13      OM14      OM22      OM23
             OM24      OM33      OM34      OM44      SG11      SG12      SG22

 TH 1
+        4.45E+03

 TH 2
+       -4.75E+03  5.29E+03

 TH 3
+       -1.87E+04  2.00E+04  1.44E+05

 TH 4
+        1.41E+02 -2.19E+02 -8.52E+02  4.93E+01

 TH 5
+        1.27E+02 -1.06E+02 -6.68E+02  9.78E-01  2.36E+01

 TH 6
+        4.99E+00 -2.54E+00 -1.91E+01 -2.45E-01  1.56E+00  8.95E-01

 OM11
+        1.39E+03 -1.37E+03 -1.95E+03 -1.31E+01  3.24E+01 -5.75E+00  7.22E+04

 OM12
+       ......... ......... ......... ......... ......... ......... ......... .........

 OM13
+       ......... ......... ......... ......... ......... ......... ......... ......... .........

 OM14
+       ......... ......... ......... ......... ......... ......... ......... ......... ......... .........

 OM22
+       -5.49E+02  1.13E+03  6.49E+03 -1.13E+02  1.89E+01  1.21E-01 -7.13E+02  0.00E+00  0.00E+00  0.00E+00  3.22E+04

 OM23
+        2.01E+03 -3.46E+03 -2.27E+04  3.51E+02 -5.58E+01  4.87E-01  1.91E+03  0.00E+00  0.00E+00  0.00E+00 -7.16E+04  1.70E+05

 OM24
+       -2.52E+02  2.49E+02  1.35E+03  1.85E+00 -2.85E+00 -4.46E-01  3.65E+01  0.00E+00  0.00E+00  0.00E+00  2.81E+03 -5.47E+03
          4.92E+02

 OM33
+       -1.10E+03  1.86E+03  1.36E+04 -2.06E+02  4.42E+01 -6.06E-02 -1.23E+03  0.00E+00  0.00E+00  0.00E+00  3.96E+04 -1.01E+05
          2.52E+03  6.61E+04

 OM34
+        2.95E+02 -2.84E+02 -1.53E+03 -3.87E+00  2.05E+00  4.26E-01 -3.60E+00  0.00E+00  0.00E+00  0.00E+00 -3.05E+03  6.21E+03
         -5.22E+02 -2.95E+03  5.95E+02

 OM44
+        3.67E+00 -3.02E+00 -1.38E+01  1.47E-01  2.02E+00  5.85E-02  8.34E+00  0.00E+00  0.00E+00  0.00E+00  7.37E+01 -1.33E+02
          1.73E+01  5.92E+01 -1.56E+01  1.65E+00

 SG11
+        4.49E-04 -3.85E-03 -1.43E-02  1.33E-03 -2.65E-04 -5.71E-06 -8.05E-03  0.00E+00  0.00E+00  0.00E+00  3.32E-03 -3.20E-03
          3.98E-05 -4.82E-03 -2.69E-04 -4.54E-05  7.79E-06

 SG12
+       ......... ......... ......... ......... ......... ......... ......... ......... ......... ......... ......... .........
         ......... ......... ......... ......... ......... .........

 SG22
+       -2.81E-02  2.94E-02  1.85E-01 -2.88E-04  9.91E-04  2.91E-04 -2.05E-02  0.00E+00  0.00E+00  0.00E+00  1.14E-01 -2.59E-01
         -2.11E-03  1.46E-01  3.09E-03  3.54E-05 -5.04E-07  0.00E+00  3.32E-05

1




















 ************************************************************************************************************************
 ********************                                                                                ********************
 ********************                              MCMC BAYESIAN ANALYSIS                            ********************
 ********************           EIGENVALUES OF COR MATRIX OF ESTIMATE (From Sample Variance)         ********************
 ********************                                                                                ********************
 ************************************************************************************************************************


             1         2         3         4         5         6         7         8         9        10        11        12
             13        14        15

         1.19E-03  5.81E-03  1.56E-02  8.33E-02  2.44E-01  3.73E-01  4.66E-01  7.17E-01  9.15E-01  9.62E-01  1.00E+00  1.05E+00
          1.45E+00  2.53E+00  5.18E+00

 Elapsed postprocess time in seconds:     0.46
 Elapsed finaloutput time in seconds:     0.06
1THERE ARE ERROR MESSAGES IN FILE PRDERR
 #CPUT: Total CPU Time in Seconds,    16217.448
Stop Time:
Fri Aug 21 16:30:36 EDT 2020
